2022-12-28 11:01:03.870 [main] ERROR uploadFileToDB.InsertNewAsset - File not found
2022-12-28 11:01:03.893 [main] INFO  uploadFileToDB.connectToDb - file moved to:C:\Agent\UploadFiles\1.csv
2022-12-28 11:01:03.895 [main] ERROR uploadFileToDB.connectToDb - no file to be moved
2022-12-28 11:01:03.895 [main] INFO  uploadFileToDB.connectToDb - Failed to move the file
2022-12-28 11:01:04.164 [main] INFO  uploadFileToDB.connectToDb - file moved to:C:\Agent\UploadFiles\1.csv
2022-12-28 11:01:04.165 [main] ERROR uploadFileToDB.connectToDb - no file to be moved
2022-12-28 11:01:04.165 [main] INFO  uploadFileToDB.connectToDb - Failed to move the file
2022-12-28 11:01:04.165 [main] INFO  uploadFileToDB.connectToDb - file moved to:C:\Agent\UploadFiles\1.csv
2022-12-28 11:01:04.166 [main] ERROR uploadFileToDB.connectToDb - no file to be moved
2022-12-28 11:01:04.166 [main] INFO  uploadFileToDB.connectToDb - Failed to move the file
2022-12-28 11:01:05.359 [main] INFO  uploadFileToDB.connectToDb - file moved to:C:\Agent\UploadFiles\2.csv
2022-12-28 11:01:05.377 [main] INFO  uploadFileToDB.connectToDb - File renamed and moved successfully
2022-12-28 11:02:05.390 [main] ERROR uploadFileToDB.InsertNewAsset - File not found
2022-12-28 11:02:05.391 [main] INFO  uploadFileToDB.connectToDb - file moved to:C:\Agent\UploadFiles\2.csv
2022-12-28 11:02:05.392 [main] ERROR uploadFileToDB.connectToDb - no file to be moved
2022-12-28 11:02:05.393 [main] INFO  uploadFileToDB.connectToDb - Failed to move the file
2022-12-28 11:02:05.403 [main] INFO  uploadFileToDB.connectToDb - file moved to:C:\Agent\UploadFiles\2.csv
2022-12-28 11:02:05.405 [main] ERROR uploadFileToDB.connectToDb - no file to be moved
2022-12-28 11:02:05.405 [main] INFO  uploadFileToDB.connectToDb - Failed to move the file
2022-12-28 11:02:05.406 [main] INFO  uploadFileToDB.connectToDb - file moved to:C:\Agent\UploadFiles\2.csv
2022-12-28 11:02:05.408 [main] ERROR uploadFileToDB.connectToDb - no file to be moved
2022-12-28 11:02:05.408 [main] INFO  uploadFileToDB.connectToDb - Failed to move the file
2022-12-28 11:02:05.413 [main] INFO  uploadFileToDB.connectToDb - file moved to:C:\Agent\UploadFiles\2.csv
2022-12-28 11:02:05.415 [main] ERROR uploadFileToDB.connectToDb - no file to be moved
2022-12-28 11:02:05.415 [main] INFO  uploadFileToDB.connectToDb - Failed to move the file
2022-12-28 11:02:05.417 [main] INFO  uploadFileToDB.connectToDb - file moved to:C:\Agent\UploadFiles\2.csv
2022-12-28 11:02:05.418 [main] ERROR uploadFileToDB.connectToDb - no file to be moved
2022-12-28 11:02:05.419 [main] INFO  uploadFileToDB.connectToDb - Failed to move the file
2022-12-28 11:03:05.437 [main] ERROR uploadFileToDB.InsertNewAsset - File not found
2022-12-28 11:03:05.438 [main] INFO  uploadFileToDB.connectToDb - file moved to:C:\Agent\UploadFiles\2.csv
2022-12-28 11:03:05.440 [main] ERROR uploadFileToDB.connectToDb - no file to be moved
2022-12-28 11:03:05.441 [main] INFO  uploadFileToDB.connectToDb - Failed to move the file
2022-12-28 11:03:05.450 [main] INFO  uploadFileToDB.connectToDb - file moved to:C:\Agent\UploadFiles\2.csv
2022-12-28 11:03:05.452 [main] ERROR uploadFileToDB.connectToDb - no file to be moved
2022-12-28 11:03:05.452 [main] INFO  uploadFileToDB.connectToDb - Failed to move the file
2022-12-28 11:03:05.453 [main] INFO  uploadFileToDB.connectToDb - file moved to:C:\Agent\UploadFiles\2.csv
2022-12-28 11:03:05.455 [main] ERROR uploadFileToDB.connectToDb - no file to be moved
2022-12-28 11:03:05.456 [main] INFO  uploadFileToDB.connectToDb - Failed to move the file
2022-12-28 11:03:05.459 [main] INFO  uploadFileToDB.connectToDb - file moved to:C:\Agent\UploadFiles\2.csv
2022-12-28 11:03:05.461 [main] ERROR uploadFileToDB.connectToDb - no file to be moved
2022-12-28 11:03:05.462 [main] INFO  uploadFileToDB.connectToDb - Failed to move the file
2022-12-28 11:03:05.463 [main] INFO  uploadFileToDB.connectToDb - file moved to:C:\Agent\UploadFiles\2.csv
2022-12-28 11:03:05.465 [main] ERROR uploadFileToDB.connectToDb - no file to be moved
2022-12-28 11:03:05.466 [main] INFO  uploadFileToDB.connectToDb - Failed to move the file
2022-12-28 11:04:05.486 [main] ERROR uploadFileToDB.InsertNewAsset - File not found
2022-12-28 11:04:05.487 [main] INFO  uploadFileToDB.connectToDb - file moved to:C:\Agent\UploadFiles\2.csv
2022-12-28 11:04:05.491 [main] ERROR uploadFileToDB.connectToDb - no file to be moved
2022-12-28 11:04:05.492 [main] INFO  uploadFileToDB.connectToDb - Failed to move the file
2022-12-28 11:04:05.503 [main] INFO  uploadFileToDB.connectToDb - file moved to:C:\Agent\UploadFiles\2.csv
2022-12-28 11:04:05.506 [main] ERROR uploadFileToDB.connectToDb - no file to be moved
2022-12-28 11:04:05.507 [main] INFO  uploadFileToDB.connectToDb - Failed to move the file
2022-12-28 11:04:05.509 [main] INFO  uploadFileToDB.connectToDb - file moved to:C:\Agent\UploadFiles\2.csv
2022-12-28 11:04:05.510 [main] ERROR uploadFileToDB.connectToDb - no file to be moved
2022-12-28 11:04:05.510 [main] INFO  uploadFileToDB.connectToDb - Failed to move the file
2022-12-28 11:04:06.042 [main] INFO  uploadFileToDB.connectToDb - file moved to:C:\Agent\UploadFiles\3.csv
2022-12-28 11:04:06.043 [main] ERROR uploadFileToDB.connectToDb - no file to be moved
2022-12-28 11:04:06.043 [main] INFO  uploadFileToDB.connectToDb - Failed to move the file
2022-12-28 11:05:06.049 [main] ERROR uploadFileToDB.InsertNewAsset - File not found
2022-12-28 11:05:06.050 [main] INFO  uploadFileToDB.connectToDb - file moved to:C:\Agent\UploadFiles\3.csv
2022-12-28 11:05:06.051 [main] ERROR uploadFileToDB.connectToDb - no file to be moved
2022-12-28 11:05:06.051 [main] INFO  uploadFileToDB.connectToDb - Failed to move the file
2022-12-28 11:05:06.056 [main] INFO  uploadFileToDB.connectToDb - file moved to:C:\Agent\UploadFiles\3.csv
2022-12-28 11:05:06.057 [main] ERROR uploadFileToDB.connectToDb - no file to be moved
2022-12-28 11:05:06.058 [main] INFO  uploadFileToDB.connectToDb - Failed to move the file
2022-12-28 11:05:06.058 [main] INFO  uploadFileToDB.connectToDb - file moved to:C:\Agent\UploadFiles\3.csv
2022-12-28 11:05:06.058 [main] ERROR uploadFileToDB.connectToDb - no file to be moved
2022-12-28 11:05:06.059 [main] INFO  uploadFileToDB.connectToDb - Failed to move the file
2022-12-28 11:05:06.142 [main] INFO  uploadFileToDB.connectToDb - file moved to:C:\Agent\UploadFiles\4.csv
2022-12-28 11:05:06.146 [main] INFO  uploadFileToDB.connectToDb - File renamed and moved successfully
2022-12-28 11:06:06.164 [main] ERROR uploadFileToDB.InsertNewAsset - File not found
2022-12-28 11:06:06.165 [main] INFO  uploadFileToDB.connectToDb - file moved to:C:\Agent\UploadFiles\4.csv
2022-12-28 11:06:06.166 [main] ERROR uploadFileToDB.connectToDb - no file to be moved
2022-12-28 11:06:06.167 [main] INFO  uploadFileToDB.connectToDb - Failed to move the file
2022-12-28 11:06:06.176 [main] INFO  uploadFileToDB.connectToDb - file moved to:C:\Agent\UploadFiles\4.csv
2022-12-28 11:06:06.177 [main] ERROR uploadFileToDB.connectToDb - no file to be moved
2022-12-28 11:06:06.178 [main] INFO  uploadFileToDB.connectToDb - Failed to move the file
2022-12-28 11:06:06.179 [main] INFO  uploadFileToDB.connectToDb - file moved to:C:\Agent\UploadFiles\4.csv
2022-12-28 11:06:06.180 [main] ERROR uploadFileToDB.connectToDb - no file to be moved
2022-12-28 11:06:06.181 [main] INFO  uploadFileToDB.connectToDb - Failed to move the file
2022-12-28 11:06:06.184 [main] INFO  uploadFileToDB.connectToDb - file moved to:C:\Agent\UploadFiles\4.csv
2022-12-28 11:06:06.185 [main] ERROR uploadFileToDB.connectToDb - no file to be moved
2022-12-28 11:06:06.186 [main] INFO  uploadFileToDB.connectToDb - Failed to move the file
2022-12-28 11:06:06.187 [main] INFO  uploadFileToDB.connectToDb - file moved to:C:\Agent\UploadFiles\4.csv
2022-12-28 11:06:06.188 [main] ERROR uploadFileToDB.connectToDb - no file to be moved
2022-12-28 11:06:06.189 [main] INFO  uploadFileToDB.connectToDb - Failed to move the file
2022-12-28 11:07:06.206 [main] ERROR uploadFileToDB.InsertNewAsset - File not found
2022-12-28 11:07:06.207 [main] INFO  uploadFileToDB.connectToDb - file moved to:C:\Agent\UploadFiles\4.csv
2022-12-28 11:07:06.209 [main] ERROR uploadFileToDB.connectToDb - no file to be moved
2022-12-28 11:07:06.210 [main] INFO  uploadFileToDB.connectToDb - Failed to move the file
2022-12-28 11:07:06.219 [main] INFO  uploadFileToDB.connectToDb - file moved to:C:\Agent\UploadFiles\4.csv
2022-12-28 11:07:06.220 [main] ERROR uploadFileToDB.connectToDb - no file to be moved
2022-12-28 11:07:06.221 [main] INFO  uploadFileToDB.connectToDb - Failed to move the file
2022-12-28 11:07:06.221 [main] INFO  uploadFileToDB.connectToDb - file moved to:C:\Agent\UploadFiles\4.csv
2022-12-28 11:07:06.222 [main] ERROR uploadFileToDB.connectToDb - no file to be moved
2022-12-28 11:07:06.223 [main] INFO  uploadFileToDB.connectToDb - Failed to move the file
2022-12-28 11:07:06.226 [main] INFO  uploadFileToDB.connectToDb - file moved to:C:\Agent\UploadFiles\4.csv
2022-12-28 11:07:06.227 [main] ERROR uploadFileToDB.connectToDb - no file to be moved
2022-12-28 11:07:06.228 [main] INFO  uploadFileToDB.connectToDb - Failed to move the file
2022-12-28 11:07:06.229 [main] INFO  uploadFileToDB.connectToDb - file moved to:C:\Agent\UploadFiles\4.csv
2022-12-28 11:07:06.230 [main] ERROR uploadFileToDB.connectToDb - no file to be moved
2022-12-28 11:07:06.231 [main] INFO  uploadFileToDB.connectToDb - Failed to move the file
2022-12-28 11:08:06.248 [main] ERROR uploadFileToDB.InsertNewAsset - File not found
2022-12-28 11:08:06.250 [main] INFO  uploadFileToDB.connectToDb - file moved to:C:\Agent\UploadFiles\4.csv
2022-12-28 11:08:06.251 [main] ERROR uploadFileToDB.connectToDb - no file to be moved
2022-12-28 11:08:06.252 [main] INFO  uploadFileToDB.connectToDb - Failed to move the file
2022-12-28 11:08:06.265 [main] INFO  uploadFileToDB.connectToDb - file moved to:C:\Agent\UploadFiles\4.csv
2022-12-28 11:08:06.266 [main] ERROR uploadFileToDB.connectToDb - no file to be moved
2022-12-28 11:08:06.267 [main] INFO  uploadFileToDB.connectToDb - Failed to move the file
2022-12-28 11:08:06.268 [main] INFO  uploadFileToDB.connectToDb - file moved to:C:\Agent\UploadFiles\4.csv
2022-12-28 11:08:06.269 [main] ERROR uploadFileToDB.connectToDb - no file to be moved
2022-12-28 11:08:06.269 [main] INFO  uploadFileToDB.connectToDb - Failed to move the file
2022-12-28 11:08:06.273 [main] INFO  uploadFileToDB.connectToDb - file moved to:C:\Agent\UploadFiles\4.csv
2022-12-28 11:08:06.275 [main] ERROR uploadFileToDB.connectToDb - no file to be moved
2022-12-28 11:08:06.275 [main] INFO  uploadFileToDB.connectToDb - Failed to move the file
2022-12-28 11:08:06.277 [main] INFO  uploadFileToDB.connectToDb - file moved to:C:\Agent\UploadFiles\4.csv
2022-12-28 11:08:06.278 [main] ERROR uploadFileToDB.connectToDb - no file to be moved
2022-12-28 11:08:06.279 [main] INFO  uploadFileToDB.connectToDb - Failed to move the file
2022-12-28 11:09:06.296 [main] ERROR uploadFileToDB.InsertNewAsset - File not found
2022-12-28 11:09:06.297 [main] INFO  uploadFileToDB.connectToDb - file moved to:C:\Agent\UploadFiles\4.csv
2022-12-28 11:09:06.299 [main] ERROR uploadFileToDB.connectToDb - no file to be moved
2022-12-28 11:09:06.300 [main] INFO  uploadFileToDB.connectToDb - Failed to move the file
2022-12-28 11:09:06.309 [main] INFO  uploadFileToDB.connectToDb - file moved to:C:\Agent\UploadFiles\4.csv
2022-12-28 11:09:06.311 [main] ERROR uploadFileToDB.connectToDb - no file to be moved
2022-12-28 11:09:06.311 [main] INFO  uploadFileToDB.connectToDb - Failed to move the file
2022-12-28 11:09:06.312 [main] INFO  uploadFileToDB.connectToDb - file moved to:C:\Agent\UploadFiles\4.csv
2022-12-28 11:09:06.313 [main] ERROR uploadFileToDB.connectToDb - no file to be moved
2022-12-28 11:09:06.314 [main] INFO  uploadFileToDB.connectToDb - Failed to move the file
2022-12-28 11:09:06.318 [main] INFO  uploadFileToDB.connectToDb - file moved to:C:\Agent\UploadFiles\4.csv
2022-12-28 11:09:06.319 [main] ERROR uploadFileToDB.connectToDb - no file to be moved
2022-12-28 11:09:06.319 [main] INFO  uploadFileToDB.connectToDb - Failed to move the file
2022-12-28 11:09:06.320 [main] INFO  uploadFileToDB.connectToDb - file moved to:C:\Agent\UploadFiles\4.csv
2022-12-28 11:09:06.321 [main] ERROR uploadFileToDB.connectToDb - no file to be moved
2022-12-28 11:09:06.321 [main] INFO  uploadFileToDB.connectToDb - Failed to move the file
2022-12-28 11:10:06.338 [main] ERROR uploadFileToDB.InsertNewAsset - File not found
2022-12-28 11:10:06.339 [main] INFO  uploadFileToDB.connectToDb - file moved to:C:\Agent\UploadFiles\4.csv
2022-12-28 11:10:06.341 [main] ERROR uploadFileToDB.connectToDb - no file to be moved
2022-12-28 11:10:06.341 [main] INFO  uploadFileToDB.connectToDb - Failed to move the file
2022-12-28 11:10:06.351 [main] INFO  uploadFileToDB.connectToDb - file moved to:C:\Agent\UploadFiles\4.csv
2022-12-28 11:10:06.353 [main] ERROR uploadFileToDB.connectToDb - no file to be moved
2022-12-28 11:10:06.353 [main] INFO  uploadFileToDB.connectToDb - Failed to move the file
2022-12-28 11:10:06.354 [main] INFO  uploadFileToDB.connectToDb - file moved to:C:\Agent\UploadFiles\4.csv
2022-12-28 11:10:06.355 [main] ERROR uploadFileToDB.connectToDb - no file to be moved
2022-12-28 11:10:06.356 [main] INFO  uploadFileToDB.connectToDb - Failed to move the file
2022-12-28 11:10:06.368 [main] INFO  uploadFileToDB.connectToDb - file moved to:C:\Agent\UploadFiles\4.csv
2022-12-28 11:10:06.370 [main] ERROR uploadFileToDB.connectToDb - no file to be moved
2022-12-28 11:10:06.370 [main] INFO  uploadFileToDB.connectToDb - Failed to move the file
2022-12-28 11:10:06.371 [main] INFO  uploadFileToDB.connectToDb - file moved to:C:\Agent\UploadFiles\4.csv
2022-12-28 11:10:06.373 [main] ERROR uploadFileToDB.connectToDb - no file to be moved
2022-12-28 11:10:06.373 [main] INFO  uploadFileToDB.connectToDb - Failed to move the file
2022-12-28 11:11:06.390 [main] ERROR uploadFileToDB.InsertNewAsset - File not found
2022-12-28 11:11:06.391 [main] INFO  uploadFileToDB.connectToDb - file moved to:C:\Agent\UploadFiles\4.csv
2022-12-28 11:11:06.392 [main] ERROR uploadFileToDB.connectToDb - no file to be moved
2022-12-28 11:11:06.393 [main] INFO  uploadFileToDB.connectToDb - Failed to move the file
2022-12-28 11:11:06.399 [main] INFO  uploadFileToDB.connectToDb - file moved to:C:\Agent\UploadFiles\4.csv
2022-12-28 11:11:06.400 [main] ERROR uploadFileToDB.connectToDb - no file to be moved
2022-12-28 11:11:06.401 [main] INFO  uploadFileToDB.connectToDb - Failed to move the file
2022-12-28 11:11:06.401 [main] INFO  uploadFileToDB.connectToDb - file moved to:C:\Agent\UploadFiles\4.csv
2022-12-28 11:11:06.402 [main] ERROR uploadFileToDB.connectToDb - no file to be moved
2022-12-28 11:11:06.403 [main] INFO  uploadFileToDB.connectToDb - Failed to move the file
2022-12-28 11:11:06.566 [main] INFO  uploadFileToDB.connectToDb - file moved to:C:\Agent\UploadFiles\5.csv
2022-12-28 11:11:06.572 [main] INFO  uploadFileToDB.connectToDb - File renamed and moved successfully
2022-12-28 11:12:06.587 [main] ERROR uploadFileToDB.InsertNewAsset - File not found
2022-12-28 11:12:06.589 [main] INFO  uploadFileToDB.connectToDb - file moved to:C:\Agent\UploadFiles\5.csv
2022-12-28 11:12:06.590 [main] ERROR uploadFileToDB.connectToDb - no file to be moved
2022-12-28 11:12:06.591 [main] INFO  uploadFileToDB.connectToDb - Failed to move the file
2022-12-28 11:12:06.600 [main] INFO  uploadFileToDB.connectToDb - file moved to:C:\Agent\UploadFiles\5.csv
2022-12-28 11:12:06.602 [main] ERROR uploadFileToDB.connectToDb - no file to be moved
2022-12-28 11:12:06.603 [main] INFO  uploadFileToDB.connectToDb - Failed to move the file
2022-12-28 11:12:06.603 [main] INFO  uploadFileToDB.connectToDb - file moved to:C:\Agent\UploadFiles\5.csv
2022-12-28 11:12:06.604 [main] ERROR uploadFileToDB.connectToDb - no file to be moved
2022-12-28 11:12:06.605 [main] INFO  uploadFileToDB.connectToDb - Failed to move the file
2022-12-28 11:12:06.608 [main] INFO  uploadFileToDB.connectToDb - file moved to:C:\Agent\UploadFiles\5.csv
2022-12-28 11:12:06.609 [main] ERROR uploadFileToDB.connectToDb - no file to be moved
2022-12-28 11:12:06.610 [main] INFO  uploadFileToDB.connectToDb - Failed to move the file
2022-12-28 11:12:06.611 [main] INFO  uploadFileToDB.connectToDb - file moved to:C:\Agent\UploadFiles\5.csv
2022-12-28 11:12:06.613 [main] ERROR uploadFileToDB.connectToDb - no file to be moved
2022-12-28 11:12:06.613 [main] INFO  uploadFileToDB.connectToDb - Failed to move the file
